{"C:\\Users\\mukes\\OneDrive\\Desktop\\penscience_ai\\backend\\src\\app.ts": {"path":"C:\\Users\\mukes\\OneDrive\\Desktop\\penscience_ai\\backend\\src\\app.ts","statementMap":{"0":{"start":{"line":1,"column":0},"end":{"line":1,"column":29}},"1":{"start":{"line":2,"column":0},"end":{"line":2,"column":24}},"2":{"start":{"line":3,"column":0},"end":{"line":3,"column":28}},"3":{"start":{"line":4,"column":0},"end":{"line":4,"column":28}},"4":{"start":{"line":5,"column":0},"end":{"line":5,"column":40}},"5":{"start":{"line":8,"column":18},"end":{"line":8,"column":47}},"6":{"start":{"line":10,"column":0},"end":{"line":10,"column":46}},"7":{"start":{"line":11,"column":0},"end":{"line":11,"column":46}},"8":{"start":{"line":12,"column":0},"end":{"line":12,"column":46}},"9":{"start":{"line":13,"column":0},"end":{"line":13,"column":45}},"10":{"start":{"line":15,"column":10},"end":{"line":15,"column":19}},"11":{"start":{"line":16,"column":0},"end":{"line":19,"column":4}},"12":{"start":{"line":21,"column":0},"end":{"line":21,"column":18}},"13":{"start":{"line":22,"column":0},"end":{"line":22,"column":23}},"14":{"start":{"line":23,"column":0},"end":{"line":23,"column":24}},"15":{"start":{"line":24,"column":0},"end":{"line":24,"column":48}},"16":{"start":{"line":25,"column":0},"end":{"line":25,"column":24}},"17":{"start":{"line":27,"column":0},"end":{"line":27,"column":32}},"18":{"start":{"line":28,"column":0},"end":{"line":28,"column":33}},"19":{"start":{"line":29,"column":0},"end":{"line":29,"column":null}},"20":{"start":{"line":30,"column":0},"end":{"line":30,"column":68}},"21":{"start":{"line":31,"column":0},"end":{"line":33,"column":3}},"22":{"start":{"line":32,"column":2},"end":{"line":32,"column":54}},"23":{"start":{"line":35,"column":0},"end":{"line":35,"column":19}}},"fnMap":{"0":{"name":"(anonymous_1)","decl":{"start":{"line":31,"column":19},"end":{"line":31,"column":20}},"loc":{"start":{"line":31,"column":30},"end":{"line":33,"column":1}}}},"branchMap":{},"s":{"0":10,"1":10,"2":10,"3":10,"4":10,"5":10,"6":10,"7":10,"8":10,"9":10,"10":10,"11":10,"12":10,"13":10,"14":10,"15":10,"16":10,"17":10,"18":10,"19":10,"20":10,"21":10,"22":0,"23":10},"f":{"0":0},"b":{}}
,"C:\\Users\\mukes\\OneDrive\\Desktop\\penscience_ai\\backend\\src\\constants\\roles.ts": {"path":"C:\\Users\\mukes\\OneDrive\\Desktop\\penscience_ai\\backend\\src\\constants\\roles.ts","statementMap":{"0":{"start":{"line":1,"column":0},"end":{"line":1,"column":null}},"1":{"start":{"line":2,"column":4},"end":{"line":2,"column":null}},"2":{"start":{"line":3,"column":4},"end":{"line":3,"column":null}}},"fnMap":{"0":{"name":"(anonymous_0)","decl":{"start":{"line":1,"column":0},"end":{"line":1,"column":12}},"loc":{"start":{"line":1,"column":20},"end":{"line":4,"column":1}}}},"branchMap":{"0":{"loc":{"start":{"line":1,"column":12},"end":{"line":1,"column":null}},"type":"binary-expr","locations":[{"start":{"line":1,"column":12},"end":{"line":1,"column":20}},{"start":{"line":1,"column":20},"end":{"line":1,"column":null}}]}},"s":{"0":10,"1":10,"2":10},"f":{"0":10},"b":{"0":[10,10]}}
,"C:\\Users\\mukes\\OneDrive\\Desktop\\penscience_ai\\backend\\src\\controllers\\auth.controller.ts": {"path":"C:\\Users\\mukes\\OneDrive\\Desktop\\penscience_ai\\backend\\src\\controllers\\auth.controller.ts","statementMap":{"0":{"start":{"line":1,"column":0},"end":{"line":1,"column":28}},"1":{"start":{"line":2,"column":0},"end":{"line":2,"column":31}},"2":{"start":{"line":4,"column":0},"end":{"line":4,"column":45}},"3":{"start":{"line":5,"column":0},"end":{"line":5,"column":42}},"4":{"start":{"line":7,"column":23},"end":{"line":34,"column":1}},"5":{"start":{"line":8,"column":32},"end":{"line":8,"column":40}},"6":{"start":{"line":10,"column":23},"end":{"line":14,"column":6}},"7":{"start":{"line":16,"column":4},"end":{"line":18,"column":5}},"8":{"start":{"line":17,"column":8},"end":{"line":17,"column":null}},"9":{"start":{"line":19,"column":25},"end":{"line":19,"column":55}},"10":{"start":{"line":20,"column":15},"end":{"line":25,"column":6}},"11":{"start":{"line":27,"column":4},"end":{"line":33,"column":null}},"12":{"start":{"line":7,"column":13},"end":{"line":7,"column":23}},"13":{"start":{"line":36,"column":19},"end":{"line":82,"column":1}},"14":{"start":{"line":37,"column":27},"end":{"line":37,"column":35}},"15":{"start":{"line":38,"column":15},"end":{"line":42,"column":6}},"16":{"start":{"line":44,"column":4},"end":{"line":46,"column":5}},"17":{"start":{"line":45,"column":8},"end":{"line":45,"column":null}},"18":{"start":{"line":48,"column":28},"end":{"line":48,"column":72}},"19":{"start":{"line":50,"column":4},"end":{"line":52,"column":5}},"20":{"start":{"line":51,"column":8},"end":{"line":51,"column":null}},"21":{"start":{"line":54,"column":16},"end":{"line":62,"column":null}},"22":{"start":{"line":65,"column":4},"end":{"line":70,"column":null}},"23":{"start":{"line":72,"column":4},"end":{"line":81,"column":null}},"24":{"start":{"line":36,"column":13},"end":{"line":36,"column":19}}},"fnMap":{"0":{"name":"(anonymous_1)","decl":{"start":{"line":7,"column":23},"end":{"line":7,"column":28}},"loc":{"start":{"line":7,"column":56},"end":{"line":34,"column":1}}},"1":{"name":"(anonymous_2)","decl":{"start":{"line":36,"column":19},"end":{"line":36,"column":24}},"loc":{"start":{"line":36,"column":52},"end":{"line":82,"column":1}}}},"branchMap":{"0":{"loc":{"start":{"line":16,"column":4},"end":{"line":18,"column":5}},"type":"if","locations":[{"start":{"line":16,"column":4},"end":{"line":18,"column":5}},{"start":{},"end":{}}]},"1":{"loc":{"start":{"line":44,"column":4},"end":{"line":46,"column":5}},"type":"if","locations":[{"start":{"line":44,"column":4},"end":{"line":46,"column":5}},{"start":{},"end":{}}]},"2":{"loc":{"start":{"line":50,"column":4},"end":{"line":52,"column":5}},"type":"if","locations":[{"start":{"line":50,"column":4},"end":{"line":52,"column":5}},{"start":{},"end":{}}]}},"s":{"0":10,"1":10,"2":10,"3":10,"4":10,"5":2,"6":2,"7":2,"8":1,"9":1,"10":1,"11":1,"12":10,"13":10,"14":2,"15":2,"16":2,"17":1,"18":1,"19":1,"20":0,"21":1,"22":1,"23":1,"24":10},"f":{"0":2,"1":2},"b":{"0":[1,1],"1":[1,1],"2":[0,1]}}
,"C:\\Users\\mukes\\OneDrive\\Desktop\\penscience_ai\\backend\\src\\controllers\\document.controller.ts": {"path":"C:\\Users\\mukes\\OneDrive\\Desktop\\penscience_ai\\backend\\src\\controllers\\document.controller.ts","statementMap":{"0":{"start":{"line":2,"column":0},"end":{"line":2,"column":42}},"1":{"start":{"line":3,"column":0},"end":{"line":3,"column":45}},"2":{"start":{"line":4,"column":0},"end":{"line":4,"column":53}},"3":{"start":{"line":5,"column":0},"end":{"line":5,"column":105}},"4":{"start":{"line":7,"column":13},"end":{"line":109,"column":2}},"5":{"start":{"line":9,"column":22},"end":{"line":9,"column":39}},"6":{"start":{"line":10,"column":4},"end":{"line":12,"column":5}},"7":{"start":{"line":11,"column":6},"end":{"line":11,"column":49}},"8":{"start":{"line":13,"column":19},"end":{"line":13,"column":28}},"9":{"start":{"line":14,"column":18},"end":{"line":14,"column":64}},"10":{"start":{"line":16,"column":4},"end":{"line":18,"column":5}},"11":{"start":{"line":17,"column":6},"end":{"line":17,"column":67}},"12":{"start":{"line":20,"column":17},"end":{"line":23,"column":6}},"13":{"start":{"line":25,"column":4},"end":{"line":27,"column":5}},"14":{"start":{"line":26,"column":6},"end":{"line":26,"column":48}},"15":{"start":{"line":29,"column":20},"end":{"line":29,"column":54}},"16":{"start":{"line":30,"column":20},"end":{"line":30,"column":46}},"17":{"start":{"line":32,"column":4},"end":{"line":34,"column":5}},"18":{"start":{"line":33,"column":6},"end":{"line":33,"column":61}},"19":{"start":{"line":36,"column":22},"end":{"line":36,"column":23}},"20":{"start":{"line":37,"column":26},"end":{"line":37,"column":42}},"21":{"start":{"line":38,"column":26},"end":{"line":38,"column":45}},"22":{"start":{"line":40,"column":29},"end":{"line":40,"column":67}},"23":{"start":{"line":41,"column":4},"end":{"line":43,"column":5}},"24":{"start":{"line":42,"column":6},"end":{"line":42,"column":82}},"25":{"start":{"line":46,"column":4},"end":{"line":53,"column":5}},"26":{"start":{"line":47,"column":6},"end":{"line":49,"column":7}},"27":{"start":{"line":48,"column":8},"end":{"line":48,"column":62}},"28":{"start":{"line":50,"column":6},"end":{"line":52,"column":7}},"29":{"start":{"line":51,"column":8},"end":{"line":51,"column":79}},"30":{"start":{"line":63,"column":35},"end":{"line":63,"column":37}},"31":{"start":{"line":65,"column":4},"end":{"line":107,"column":5}},"32":{"start":{"line":66,"column":6},"end":{"line":79,"column":8}},"33":{"start":{"line":68,"column":27},"end":{"line":68,"column":66}},"34":{"start":{"line":69,"column":25},"end":{"line":69,"column":90}},"35":{"start":{"line":71,"column":10},"end":{"line":77,"column":28}},"36":{"start":{"line":81,"column":26},"end":{"line":93,"column":null}},"37":{"start":{"line":83,"column":10},"end":{"line":92,"column":12}},"38":{"start":{"line":96,"column":6},"end":{"line":100,"column":9}},"39":{"start":{"line":103,"column":6},"end":{"line":105,"column":8}},"40":{"start":{"line":104,"column":31},"end":{"line":104,"column":89}},"41":{"start":{"line":104,"column":79},"end":{"line":104,"column":88}},"42":{"start":{"line":106,"column":6},"end":{"line":106,"column":18}},"43":{"start":{"line":111,"column":13},"end":{"line":143,"column":2}},"44":{"start":{"line":113,"column":37},"end":{"line":113,"column":null}},"45":{"start":{"line":118,"column":23},"end":{"line":126,"column":6}},"46":{"start":{"line":128,"column":4},"end":{"line":130,"column":5}},"47":{"start":{"line":129,"column":6},"end":{"line":129,"column":52}},"48":{"start":{"line":132,"column":20},"end":{"line":132,"column":65}},"49":{"start":{"line":133,"column":20},"end":{"line":133,"column":46}},"50":{"start":{"line":135,"column":4},"end":{"line":137,"column":5}},"51":{"start":{"line":136,"column":6},"end":{"line":136,"column":65}},"52":{"start":{"line":141,"column":4},"end":{"line":141,"column":45}}},"fnMap":{"0":{"name":"(anonymous_0)","decl":{"start":{"line":8,"column":2},"end":{"line":8,"column":7}},"loc":{"start":{"line":8,"column":40},"end":{"line":108,"column":3}}},"1":{"name":"(anonymous_1)","decl":{"start":{"line":67,"column":18},"end":{"line":67,"column":23}},"loc":{"start":{"line":67,"column":33},"end":{"line":78,"column":9}}},"2":{"name":"(anonymous_2)","decl":{"start":{"line":82,"column":21},"end":{"line":82,"column":22}},"loc":{"start":{"line":83,"column":10},"end":{"line":92,"column":12}}},"3":{"name":"(anonymous_3)","decl":{"start":{"line":104,"column":21},"end":{"line":104,"column":22}},"loc":{"start":{"line":104,"column":31},"end":{"line":104,"column":89}}},"4":{"name":"(anonymous_4)","decl":{"start":{"line":104,"column":73},"end":{"line":104,"column":76}},"loc":{"start":{"line":104,"column":79},"end":{"line":104,"column":88}}},"5":{"name":"(anonymous_5)","decl":{"start":{"line":112,"column":2},"end":{"line":112,"column":7}},"loc":{"start":{"line":112,"column":40},"end":{"line":142,"column":3}}}},"branchMap":{"0":{"loc":{"start":{"line":10,"column":4},"end":{"line":12,"column":5}},"type":"if","locations":[{"start":{"line":10,"column":4},"end":{"line":12,"column":5}},{"start":{},"end":{}}]},"1":{"loc":{"start":{"line":10,"column":8},"end":{"line":10,"column":46}},"type":"binary-expr","locations":[{"start":{"line":10,"column":8},"end":{"line":10,"column":18}},{"start":{"line":10,"column":22},"end":{"line":10,"column":46}}]},"2":{"loc":{"start":{"line":16,"column":4},"end":{"line":18,"column":5}},"type":"if","locations":[{"start":{"line":16,"column":4},"end":{"line":18,"column":5}},{"start":{},"end":{}}]},"3":{"loc":{"start":{"line":16,"column":8},"end":{"line":16,"column":36}},"type":"binary-expr","locations":[{"start":{"line":16,"column":8},"end":{"line":16,"column":14}},{"start":{"line":16,"column":18},"end":{"line":16,"column":36}}]},"4":{"loc":{"start":{"line":25,"column":4},"end":{"line":27,"column":5}},"type":"if","locations":[{"start":{"line":25,"column":4},"end":{"line":27,"column":5}},{"start":{},"end":{}}]},"5":{"loc":{"start":{"line":32,"column":4},"end":{"line":34,"column":5}},"type":"if","locations":[{"start":{"line":32,"column":4},"end":{"line":34,"column":5}},{"start":{},"end":{}}]},"6":{"loc":{"start":{"line":32,"column":8},"end":{"line":32,"column":28}},"type":"binary-expr","locations":[{"start":{"line":32,"column":8},"end":{"line":32,"column":16}},{"start":{"line":32,"column":20},"end":{"line":32,"column":28}}]},"7":{"loc":{"start":{"line":41,"column":4},"end":{"line":43,"column":5}},"type":"if","locations":[{"start":{"line":41,"column":4},"end":{"line":43,"column":5}},{"start":{},"end":{}}]},"8":{"loc":{"start":{"line":47,"column":6},"end":{"line":49,"column":7}},"type":"if","locations":[{"start":{"line":47,"column":6},"end":{"line":49,"column":7}},{"start":{},"end":{}}]},"9":{"loc":{"start":{"line":50,"column":6},"end":{"line":52,"column":7}},"type":"if","locations":[{"start":{"line":50,"column":6},"end":{"line":52,"column":7}},{"start":{},"end":{}}]},"10":{"loc":{"start":{"line":128,"column":4},"end":{"line":130,"column":5}},"type":"if","locations":[{"start":{"line":128,"column":4},"end":{"line":130,"column":5}},{"start":{},"end":{}}]},"11":{"loc":{"start":{"line":135,"column":4},"end":{"line":137,"column":5}},"type":"if","locations":[{"start":{"line":135,"column":4},"end":{"line":137,"column":5}},{"start":{},"end":{}}]},"12":{"loc":{"start":{"line":135,"column":8},"end":{"line":135,"column":28}},"type":"binary-expr","locations":[{"start":{"line":135,"column":8},"end":{"line":135,"column":16}},{"start":{"line":135,"column":20},"end":{"line":135,"column":28}}]}},"s":{"0":10,"1":10,"2":10,"3":10,"4":10,"5":0,"6":0,"7":0,"8":0,"9":0,"10":0,"11":0,"12":0,"13":0,"14":0,"15":0,"16":0,"17":0,"18":0,"19":0,"20":0,"21":0,"22":0,"23":0,"24":0,"25":0,"26":0,"27":0,"28":0,"29":0,"30":0,"31":0,"32":0,"33":0,"34":0,"35":0,"36":0,"37":0,"38":0,"39":0,"40":0,"41":0,"42":0,"43":10,"44":0,"45":0,"46":0,"47":0,"48":0,"49":0,"50":0,"51":0,"52":0},"f":{"0":0,"1":0,"2":0,"3":0,"4":0,"5":0},"b":{"0":[0,0],"1":[0,0],"2":[0,0],"3":[0,0],"4":[0,0],"5":[0,0],"6":[0,0],"7":[0,0],"8":[0,0],"9":[0,0],"10":[0,0],"11":[0,0],"12":[0,0]}}
,"C:\\Users\\mukes\\OneDrive\\Desktop\\penscience_ai\\backend\\src\\controllers\\task.controller.ts": {"path":"C:\\Users\\mukes\\OneDrive\\Desktop\\penscience_ai\\backend\\src\\controllers\\task.controller.ts","statementMap":{"0":{"start":{"line":2,"column":0},"end":{"line":2,"column":39}},"1":{"start":{"line":3,"column":0},"end":{"line":3,"column":45}},"2":{"start":{"line":4,"column":0},"end":{"line":4,"column":53}},"3":{"start":{"line":5,"column":0},"end":{"line":5,"column":42}},"4":{"start":{"line":6,"column":0},"end":{"line":6,"column":37}},"5":{"start":{"line":8,"column":13},"end":{"line":35,"column":null}},"6":{"start":{"line":10,"column":17},"end":{"line":19,"column":6}},"7":{"start":{"line":21,"column":4},"end":{"line":28,"column":6}},"8":{"start":{"line":30,"column":4},"end":{"line":34,"column":null}},"9":{"start":{"line":37,"column":13},"end":{"line":88,"column":null}},"10":{"start":{"line":39,"column":17},"end":{"line":39,"column":55}},"11":{"start":{"line":41,"column":15},"end":{"line":41,"column":38}},"12":{"start":{"line":42,"column":16},"end":{"line":42,"column":41}},"13":{"start":{"line":44,"column":17},"end":{"line":44,"column":35}},"14":{"start":{"line":45,"column":17},"end":{"line":45,"column":51}},"15":{"start":{"line":46,"column":19},"end":{"line":46,"column":55}},"16":{"start":{"line":47,"column":16},"end":{"line":47,"column":53}},"17":{"start":{"line":48,"column":21},"end":{"line":48,"column":65}},"18":{"start":{"line":50,"column":23},"end":{"line":50,"column":25}},"19":{"start":{"line":51,"column":4},"end":{"line":53,"column":5}},"20":{"start":{"line":52,"column":6},"end":{"line":52,"column":28}},"21":{"start":{"line":54,"column":4},"end":{"line":56,"column":5}},"22":{"start":{"line":55,"column":6},"end":{"line":55,"column":32}},"23":{"start":{"line":57,"column":4},"end":{"line":59,"column":5}},"24":{"start":{"line":58,"column":6},"end":{"line":58,"column":40}},"25":{"start":{"line":60,"column":18},"end":{"line":75,"column":6}},"26":{"start":{"line":76,"column":18},"end":{"line":76,"column":52}},"27":{"start":{"line":77,"column":21},"end":{"line":77,"column":43}},"28":{"start":{"line":78,"column":4},"end":{"line":87,"column":7}},"29":{"start":{"line":90,"column":13},"end":{"line":139,"column":2}},"30":{"start":{"line":92,"column":21},"end":{"line":92,"column":49}},"31":{"start":{"line":93,"column":17},"end":{"line":106,"column":6}},"32":{"start":{"line":108,"column":4},"end":{"line":110,"column":5}},"33":{"start":{"line":109,"column":6},"end":{"line":109,"column":48}},"34":{"start":{"line":112,"column":26},"end":{"line":122,"column":6}},"35":{"start":{"line":114,"column":55},"end":{"line":121,"column":8}},"36":{"start":{"line":124,"column":20},"end":{"line":124,"column":54}},"37":{"start":{"line":125,"column":20},"end":{"line":125,"column":46}},"38":{"start":{"line":127,"column":4},"end":{"line":132,"column":5}},"39":{"start":{"line":128,"column":6},"end":{"line":131,"column":8}},"40":{"start":{"line":134,"column":4},"end":{"line":137,"column":7}},"41":{"start":{"line":141,"column":13},"end":{"line":196,"column":2}},"42":{"start":{"line":143,"column":21},"end":{"line":143,"column":49}},"43":{"start":{"line":144,"column":25},"end":{"line":148,"column":6}},"44":{"start":{"line":150,"column":4},"end":{"line":152,"column":5}},"45":{"start":{"line":151,"column":6},"end":{"line":151,"column":48}},"46":{"start":{"line":154,"column":20},"end":{"line":154,"column":62}},"47":{"start":{"line":155,"column":20},"end":{"line":155,"column":46}},"48":{"start":{"line":157,"column":4},"end":{"line":162,"column":5}},"49":{"start":{"line":158,"column":6},"end":{"line":161,"column":8}},"50":{"start":{"line":163,"column":24},"end":{"line":176,"column":6}},"51":{"start":{"line":179,"column":4},"end":{"line":189,"column":6}},"52":{"start":{"line":190,"column":4},"end":{"line":194,"column":7}},"53":{"start":{"line":198,"column":13},"end":{"line":240,"column":2}},"54":{"start":{"line":200,"column":21},"end":{"line":200,"column":49}},"55":{"start":{"line":201,"column":25},"end":{"line":205,"column":6}},"56":{"start":{"line":207,"column":4},"end":{"line":209,"column":5}},"57":{"start":{"line":208,"column":6},"end":{"line":208,"column":48}},"58":{"start":{"line":211,"column":20},"end":{"line":211,"column":62}},"59":{"start":{"line":212,"column":20},"end":{"line":212,"column":46}},"60":{"start":{"line":214,"column":4},"end":{"line":219,"column":5}},"61":{"start":{"line":215,"column":6},"end":{"line":218,"column":8}},"62":{"start":{"line":220,"column":4},"end":{"line":224,"column":7}},"63":{"start":{"line":226,"column":4},"end":{"line":233,"column":6}},"64":{"start":{"line":235,"column":4},"end":{"line":238,"column":7}}},"fnMap":{"0":{"name":"(anonymous_0)","decl":{"start":{"line":8,"column":37},"end":{"line":8,"column":42}},"loc":{"start":{"line":8,"column":70},"end":{"line":35,"column":1}}},"1":{"name":"(anonymous_1)","decl":{"start":{"line":37,"column":38},"end":{"line":37,"column":43}},"loc":{"start":{"line":37,"column":71},"end":{"line":88,"column":1}}},"2":{"name":"(anonymous_2)","decl":{"start":{"line":91,"column":2},"end":{"line":91,"column":7}},"loc":{"start":{"line":91,"column":40},"end":{"line":138,"column":3}}},"3":{"name":"(anonymous_3)","decl":{"start":{"line":114,"column":40},"end":{"line":114,"column":41}},"loc":{"start":{"line":114,"column":55},"end":{"line":121,"column":8}}},"4":{"name":"(anonymous_4)","decl":{"start":{"line":142,"column":2},"end":{"line":142,"column":7}},"loc":{"start":{"line":142,"column":40},"end":{"line":195,"column":3}}},"5":{"name":"(anonymous_5)","decl":{"start":{"line":199,"column":2},"end":{"line":199,"column":7}},"loc":{"start":{"line":199,"column":40},"end":{"line":239,"column":3}}}},"branchMap":{"0":{"loc":{"start":{"line":25,"column":21},"end":{"line":25,"column":39}},"type":"binary-expr","locations":[{"start":{"line":25,"column":21},"end":{"line":25,"column":33}},{"start":{"line":25,"column":37},"end":{"line":25,"column":39}}]},"1":{"loc":{"start":{"line":39,"column":17},"end":{"line":39,"column":55}},"type":"binary-expr","locations":[{"start":{"line":39,"column":17},"end":{"line":39,"column":42}},{"start":{"line":39,"column":46},"end":{"line":39,"column":55}}]},"2":{"loc":{"start":{"line":41,"column":15},"end":{"line":41,"column":38}},"type":"binary-expr","locations":[{"start":{"line":41,"column":15},"end":{"line":41,"column":33}},{"start":{"line":41,"column":37},"end":{"line":41,"column":38}}]},"3":{"loc":{"start":{"line":42,"column":16},"end":{"line":42,"column":41}},"type":"binary-expr","locations":[{"start":{"line":42,"column":16},"end":{"line":42,"column":35}},{"start":{"line":42,"column":39},"end":{"line":42,"column":41}}]},"4":{"loc":{"start":{"line":47,"column":16},"end":{"line":47,"column":53}},"type":"binary-expr","locations":[{"start":{"line":47,"column":16},"end":{"line":47,"column":39}},{"start":{"line":47,"column":42},"end":{"line":47,"column":53}}]},"5":{"loc":{"start":{"line":48,"column":21},"end":{"line":48,"column":65}},"type":"binary-expr","locations":[{"start":{"line":48,"column":21},"end":{"line":48,"column":55}},{"start":{"line":48,"column":59},"end":{"line":48,"column":65}}]},"6":{"loc":{"start":{"line":51,"column":4},"end":{"line":53,"column":5}},"type":"if","locations":[{"start":{"line":51,"column":4},"end":{"line":53,"column":5}},{"start":{},"end":{}}]},"7":{"loc":{"start":{"line":54,"column":4},"end":{"line":56,"column":5}},"type":"if","locations":[{"start":{"line":54,"column":4},"end":{"line":56,"column":5}},{"start":{},"end":{}}]},"8":{"loc":{"start":{"line":57,"column":4},"end":{"line":59,"column":5}},"type":"if","locations":[{"start":{"line":57,"column":4},"end":{"line":59,"column":5}},{"start":{},"end":{}}]},"9":{"loc":{"start":{"line":108,"column":4},"end":{"line":110,"column":5}},"type":"if","locations":[{"start":{"line":108,"column":4},"end":{"line":110,"column":5}},{"start":{},"end":{}}]},"10":{"loc":{"start":{"line":127,"column":4},"end":{"line":132,"column":5}},"type":"if","locations":[{"start":{"line":127,"column":4},"end":{"line":132,"column":5}},{"start":{},"end":{}}]},"11":{"loc":{"start":{"line":127,"column":8},"end":{"line":127,"column":28}},"type":"binary-expr","locations":[{"start":{"line":127,"column":8},"end":{"line":127,"column":16}},{"start":{"line":127,"column":20},"end":{"line":127,"column":28}}]},"12":{"loc":{"start":{"line":150,"column":4},"end":{"line":152,"column":5}},"type":"if","locations":[{"start":{"line":150,"column":4},"end":{"line":152,"column":5}},{"start":{},"end":{}}]},"13":{"loc":{"start":{"line":157,"column":4},"end":{"line":162,"column":5}},"type":"if","locations":[{"start":{"line":157,"column":4},"end":{"line":162,"column":5}},{"start":{},"end":{}}]},"14":{"loc":{"start":{"line":157,"column":8},"end":{"line":157,"column":28}},"type":"binary-expr","locations":[{"start":{"line":157,"column":8},"end":{"line":157,"column":16}},{"start":{"line":157,"column":20},"end":{"line":157,"column":28}}]},"15":{"loc":{"start":{"line":172,"column":17},"end":{"line":174,"column":21}},"type":"cond-expr","locations":[{"start":{"line":173,"column":12},"end":{"line":173,"column":38}},{"start":{"line":174,"column":12},"end":{"line":174,"column":21}}]},"16":{"loc":{"start":{"line":183,"column":21},"end":{"line":183,"column":39}},"type":"binary-expr","locations":[{"start":{"line":183,"column":21},"end":{"line":183,"column":33}},{"start":{"line":183,"column":37},"end":{"line":183,"column":39}}]},"17":{"loc":{"start":{"line":207,"column":4},"end":{"line":209,"column":5}},"type":"if","locations":[{"start":{"line":207,"column":4},"end":{"line":209,"column":5}},{"start":{},"end":{}}]},"18":{"loc":{"start":{"line":214,"column":4},"end":{"line":219,"column":5}},"type":"if","locations":[{"start":{"line":214,"column":4},"end":{"line":219,"column":5}},{"start":{},"end":{}}]},"19":{"loc":{"start":{"line":214,"column":8},"end":{"line":214,"column":28}},"type":"binary-expr","locations":[{"start":{"line":214,"column":8},"end":{"line":214,"column":16}},{"start":{"line":214,"column":20},"end":{"line":214,"column":28}}]},"20":{"loc":{"start":{"line":230,"column":21},"end":{"line":230,"column":39}},"type":"binary-expr","locations":[{"start":{"line":230,"column":21},"end":{"line":230,"column":33}},{"start":{"line":230,"column":37},"end":{"line":230,"column":39}}]}},"s":{"0":10,"1":10,"2":10,"3":10,"4":10,"5":10,"6":3,"7":3,"8":3,"9":10,"10":1,"11":1,"12":1,"13":1,"14":1,"15":1,"16":1,"17":1,"18":1,"19":1,"20":0,"21":1,"22":0,"23":1,"24":1,"25":1,"26":1,"27":1,"28":1,"29":10,"30":0,"31":0,"32":0,"33":0,"34":0,"35":0,"36":0,"37":0,"38":0,"39":0,"40":0,"41":10,"42":1,"43":1,"44":1,"45":0,"46":1,"47":1,"48":1,"49":0,"50":1,"51":1,"52":1,"53":10,"54":1,"55":1,"56":1,"57":0,"58":1,"59":1,"60":1,"61":0,"62":1,"63":1,"64":1},"f":{"0":3,"1":1,"2":0,"3":0,"4":1,"5":1},"b":{"0":[3,0],"1":[1,0],"2":[1,1],"3":[1,1],"4":[1,1],"5":[1,1],"6":[0,1],"7":[0,1],"8":[1,0],"9":[0,0],"10":[0,0],"11":[0,0],"12":[0,1],"13":[0,1],"14":[1,0],"15":[0,1],"16":[1,0],"17":[0,1],"18":[0,1],"19":[1,0],"20":[1,0]}}
,"C:\\Users\\mukes\\OneDrive\\Desktop\\penscience_ai\\backend\\src\\controllers\\user.controller.ts": {"path":"C:\\Users\\mukes\\OneDrive\\Desktop\\penscience_ai\\backend\\src\\controllers\\user.controller.ts","statementMap":{"0":{"start":{"line":2,"column":0},"end":{"line":2,"column":39}},"1":{"start":{"line":3,"column":0},"end":{"line":3,"column":45}},"2":{"start":{"line":4,"column":0},"end":{"line":4,"column":53}},"3":{"start":{"line":5,"column":0},"end":{"line":5,"column":28}},"4":{"start":{"line":7,"column":13},"end":{"line":34,"column":null}},"5":{"start":{"line":8,"column":15},"end":{"line":8,"column":42}},"6":{"start":{"line":9,"column":16},"end":{"line":9,"column":45}},"7":{"start":{"line":11,"column":15},"end":{"line":11,"column":29}},"8":{"start":{"line":12,"column":16},"end":{"line":21,"column":6}},"9":{"start":{"line":23,"column":16},"end":{"line":23,"column":41}},"10":{"start":{"line":25,"column":4},"end":{"line":33,"column":null}},"11":{"start":{"line":36,"column":13},"end":{"line":76,"column":3}},"12":{"start":{"line":37,"column":47},"end":{"line":37,"column":null}},"13":{"start":{"line":43,"column":4},"end":{"line":45,"column":5}},"14":{"start":{"line":44,"column":6},"end":{"line":44,"column":65}},"15":{"start":{"line":47,"column":25},"end":{"line":49,"column":6}},"16":{"start":{"line":51,"column":4},"end":{"line":53,"column":5}},"17":{"start":{"line":52,"column":6},"end":{"line":52,"column":53}},"18":{"start":{"line":55,"column":27},"end":{"line":55,"column":58}},"19":{"start":{"line":57,"column":17},"end":{"line":69,"column":6}},"20":{"start":{"line":71,"column":4},"end":{"line":75,"column":7}},"21":{"start":{"line":78,"column":13},"end":{"line":101,"column":null}},"22":{"start":{"line":79,"column":19},"end":{"line":79,"column":47}},"23":{"start":{"line":81,"column":17},"end":{"line":91,"column":6}},"24":{"start":{"line":93,"column":4},"end":{"line":95,"column":5}},"25":{"start":{"line":94,"column":6},"end":{"line":94,"column":48}},"26":{"start":{"line":97,"column":4},"end":{"line":100,"column":7}},"27":{"start":{"line":103,"column":13},"end":{"line":134,"column":null}},"28":{"start":{"line":104,"column":19},"end":{"line":104,"column":47}},"29":{"start":{"line":106,"column":25},"end":{"line":110,"column":6}},"30":{"start":{"line":112,"column":4},"end":{"line":114,"column":5}},"31":{"start":{"line":113,"column":6},"end":{"line":113,"column":48}},"32":{"start":{"line":115,"column":24},"end":{"line":128,"column":6}},"33":{"start":{"line":129,"column":4},"end":{"line":133,"column":7}},"34":{"start":{"line":137,"column":13},"end":{"line":158,"column":null}},"35":{"start":{"line":138,"column":19},"end":{"line":138,"column":47}},"36":{"start":{"line":140,"column":25},"end":{"line":144,"column":6}},"37":{"start":{"line":146,"column":4},"end":{"line":148,"column":5}},"38":{"start":{"line":147,"column":6},"end":{"line":147,"column":48}},"39":{"start":{"line":149,"column":4},"end":{"line":153,"column":7}},"40":{"start":{"line":154,"column":4},"end":{"line":157,"column":7}}},"fnMap":{"0":{"name":"(anonymous_1)","decl":{"start":{"line":7,"column":35},"end":{"line":7,"column":40}},"loc":{"start":{"line":7,"column":68},"end":{"line":34,"column":1}}},"1":{"name":"(anonymous_2)","decl":{"start":{"line":36,"column":39},"end":{"line":36,"column":44}},"loc":{"start":{"line":36,"column":77},"end":{"line":76,"column":1}}},"2":{"name":"(anonymous_3)","decl":{"start":{"line":78,"column":38},"end":{"line":78,"column":43}},"loc":{"start":{"line":78,"column":71},"end":{"line":101,"column":1}}},"3":{"name":"(anonymous_4)","decl":{"start":{"line":103,"column":37},"end":{"line":103,"column":42}},"loc":{"start":{"line":103,"column":70},"end":{"line":134,"column":1}}},"4":{"name":"(anonymous_5)","decl":{"start":{"line":137,"column":37},"end":{"line":137,"column":42}},"loc":{"start":{"line":137,"column":70},"end":{"line":158,"column":1}}}},"branchMap":{"0":{"loc":{"start":{"line":8,"column":15},"end":{"line":8,"column":42}},"type":"binary-expr","locations":[{"start":{"line":8,"column":15},"end":{"line":8,"column":37}},{"start":{"line":8,"column":41},"end":{"line":8,"column":42}}]},"1":{"loc":{"start":{"line":9,"column":16},"end":{"line":9,"column":45}},"type":"binary-expr","locations":[{"start":{"line":9,"column":16},"end":{"line":9,"column":39}},{"start":{"line":9,"column":43},"end":{"line":9,"column":45}}]},"2":{"loc":{"start":{"line":37,"column":29},"end":{"line":37,"column":42}},"type":"default-arg","locations":[{"start":{"line":37,"column":36},"end":{"line":37,"column":42}}]},"3":{"loc":{"start":{"line":43,"column":4},"end":{"line":45,"column":5}},"type":"if","locations":[{"start":{"line":43,"column":4},"end":{"line":45,"column":5}},{"start":{},"end":{}}]},"4":{"loc":{"start":{"line":43,"column":8},"end":{"line":43,"column":27}},"type":"binary-expr","locations":[{"start":{"line":43,"column":8},"end":{"line":43,"column":14}},{"start":{"line":43,"column":18},"end":{"line":43,"column":27}}]},"5":{"loc":{"start":{"line":51,"column":4},"end":{"line":53,"column":5}},"type":"if","locations":[{"start":{"line":51,"column":4},"end":{"line":53,"column":5}},{"start":{},"end":{}}]},"6":{"loc":{"start":{"line":93,"column":4},"end":{"line":95,"column":5}},"type":"if","locations":[{"start":{"line":93,"column":4},"end":{"line":95,"column":5}},{"start":{},"end":{}}]},"7":{"loc":{"start":{"line":112,"column":4},"end":{"line":114,"column":5}},"type":"if","locations":[{"start":{"line":112,"column":4},"end":{"line":114,"column":5}},{"start":{},"end":{}}]},"8":{"loc":{"start":{"line":146,"column":4},"end":{"line":148,"column":5}},"type":"if","locations":[{"start":{"line":146,"column":4},"end":{"line":148,"column":5}},{"start":{},"end":{}}]}},"s":{"0":10,"1":10,"2":10,"3":10,"4":10,"5":0,"6":0,"7":0,"8":0,"9":0,"10":0,"11":10,"12":0,"13":0,"14":0,"15":0,"16":0,"17":0,"18":0,"19":0,"20":0,"21":10,"22":0,"23":0,"24":0,"25":0,"26":0,"27":10,"28":0,"29":0,"30":0,"31":0,"32":0,"33":0,"34":10,"35":0,"36":0,"37":0,"38":0,"39":0,"40":0},"f":{"0":0,"1":0,"2":0,"3":0,"4":0},"b":{"0":[0,0],"1":[0,0],"2":[0],"3":[0,0],"4":[0,0],"5":[0,0],"6":[0,0],"7":[0,0],"8":[0,0]}}
,"C:\\Users\\mukes\\OneDrive\\Desktop\\penscience_ai\\backend\\src\\docs\\openapi.ts": {"path":"C:\\Users\\mukes\\OneDrive\\Desktop\\penscience_ai\\backend\\src\\docs\\openapi.ts","statementMap":{"0":{"start":{"line":1,"column":13},"end":{"line":158,"column":11}}},"fnMap":{},"branchMap":{},"s":{"0":10},"f":{},"b":{}}
,"C:\\Users\\mukes\\OneDrive\\Desktop\\penscience_ai\\backend\\src\\middlewares\\auth.middleware.ts": {"path":"C:\\Users\\mukes\\OneDrive\\Desktop\\penscience_ai\\backend\\src\\middlewares\\auth.middleware.ts","statementMap":{"0":{"start":{"line":1,"column":0},"end":{"line":1,"column":46}},"1":{"start":{"line":2,"column":0},"end":{"line":2,"column":45}},"2":{"start":{"line":4,"column":0},"end":{"line":4,"column":42}},"3":{"start":{"line":6,"column":23},"end":{"line":31,"column":1}},"4":{"start":{"line":8,"column":18},"end":{"line":8,"column":86}},"5":{"start":{"line":9,"column":4},"end":{"line":11,"column":5}},"6":{"start":{"line":10,"column":8},"end":{"line":10,"column":null}},"7":{"start":{"line":12,"column":4},"end":{"line":30,"column":5}},"8":{"start":{"line":13,"column":31},"end":{"line":13,"column":86}},"9":{"start":{"line":15,"column":23},"end":{"line":19,"column":14}},"10":{"start":{"line":21,"column":12},"end":{"line":23,"column":13}},"11":{"start":{"line":22,"column":16},"end":{"line":22,"column":null}},"12":{"start":{"line":25,"column":13},"end":{"line":25,"column":null}},"13":{"start":{"line":27,"column":12},"end":{"line":27,"column":19}},"14":{"start":{"line":29,"column":8},"end":{"line":29,"column":56}},"15":{"start":{"line":6,"column":13},"end":{"line":6,"column":23}}},"fnMap":{"0":{"name":"(anonymous_1)","decl":{"start":{"line":6,"column":23},"end":{"line":6,"column":28}},"loc":{"start":{"line":6,"column":74},"end":{"line":31,"column":1}}}},"branchMap":{"0":{"loc":{"start":{"line":8,"column":18},"end":{"line":8,"column":86}},"type":"binary-expr","locations":[{"start":{"line":8,"column":18},"end":{"line":8,"column":42}},{"start":{"line":8,"column":46},"end":{"line":8,"column":86}}]},"1":{"loc":{"start":{"line":9,"column":4},"end":{"line":11,"column":5}},"type":"if","locations":[{"start":{"line":9,"column":4},"end":{"line":11,"column":5}},{"start":{},"end":{}}]},"2":{"loc":{"start":{"line":21,"column":12},"end":{"line":23,"column":13}},"type":"if","locations":[{"start":{"line":21,"column":12},"end":{"line":23,"column":13}},{"start":{},"end":{}}]}},"s":{"0":10,"1":10,"2":10,"3":10,"4":7,"5":7,"6":0,"7":7,"8":7,"9":7,"10":7,"11":0,"12":7,"13":7,"14":0,"15":10},"f":{"0":7},"b":{"0":[7,7],"1":[0,7],"2":[0,7]}}
,"C:\\Users\\mukes\\OneDrive\\Desktop\\penscience_ai\\backend\\src\\middlewares\\authorize.middleware.ts": {"path":"C:\\Users\\mukes\\OneDrive\\Desktop\\penscience_ai\\backend\\src\\middlewares\\authorize.middleware.ts","statementMap":{"0":{"start":{"line":2,"column":0},"end":{"line":2,"column":45}},"1":{"start":{"line":5,"column":27},"end":{"line":22,"column":1}},"2":{"start":{"line":7,"column":4},"end":{"line":21,"column":null}},"3":{"start":{"line":9,"column":8},"end":{"line":11,"column":9}},"4":{"start":{"line":10,"column":12},"end":{"line":10,"column":null}},"5":{"start":{"line":13,"column":28},"end":{"line":13,"column":77}},"6":{"start":{"line":15,"column":8},"end":{"line":17,"column":9}},"7":{"start":{"line":16,"column":12},"end":{"line":16,"column":null}},"8":{"start":{"line":19,"column":8},"end":{"line":19,"column":15}},"9":{"start":{"line":5,"column":13},"end":{"line":5,"column":27}}},"fnMap":{"0":{"name":"(anonymous_0)","decl":{"start":{"line":5,"column":27},"end":{"line":5,"column":28}},"loc":{"start":{"line":5,"column":58},"end":{"line":22,"column":1}}},"1":{"name":"(anonymous_1)","decl":{"start":{"line":7,"column":11},"end":{"line":7,"column":12}},"loc":{"start":{"line":7,"column":57},"end":{"line":21,"column":5}}}},"branchMap":{"0":{"loc":{"start":{"line":9,"column":8},"end":{"line":11,"column":9}},"type":"if","locations":[{"start":{"line":9,"column":8},"end":{"line":11,"column":9}},{"start":{},"end":{}}]},"1":{"loc":{"start":{"line":15,"column":8},"end":{"line":17,"column":9}},"type":"if","locations":[{"start":{"line":15,"column":8},"end":{"line":17,"column":9}},{"start":{},"end":{}}]}},"s":{"0":10,"1":10,"2":50,"3":0,"4":0,"5":0,"6":0,"7":0,"8":0,"9":10},"f":{"0":50,"1":0},"b":{"0":[0,0],"1":[0,0]}}
,"C:\\Users\\mukes\\OneDrive\\Desktop\\penscience_ai\\backend\\src\\middlewares\\query.middleware.ts": {"path":"C:\\Users\\mukes\\OneDrive\\Desktop\\penscience_ai\\backend\\src\\middlewares\\query.middleware.ts","statementMap":{"0":{"start":{"line":9,"column":0},"end":{"line":9,"column":45}},"1":{"start":{"line":12,"column":2},"end":{"line":33,"column":3}},"2":{"start":{"line":13,"column":2},"end":{"line":33,"column":3}},"3":{"start":{"line":18,"column":19},"end":{"line":18,"column":46}},"4":{"start":{"line":20,"column":4},"end":{"line":28,"column":5}},"5":{"start":{"line":21,"column":6},"end":{"line":27,"column":8}},"6":{"start":{"line":30,"column":4},"end":{"line":30,"column":44}},"7":{"start":{"line":32,"column":4},"end":{"line":32,"column":11}},"8":{"start":{"line":11,"column":13},"end":{"line":11,"column":null}}},"fnMap":{"0":{"name":"(anonymous_0)","decl":{"start":{"line":12,"column":2},"end":{"line":12,"column":3}},"loc":{"start":{"line":13,"column":2},"end":{"line":33,"column":3}}},"1":{"name":"(anonymous_1)","decl":{"start":{"line":13,"column":2},"end":{"line":13,"column":null}},"loc":{"start":{"line":17,"column":6},"end":{"line":33,"column":3}}}},"branchMap":{"0":{"loc":{"start":{"line":20,"column":4},"end":{"line":28,"column":5}},"type":"if","locations":[{"start":{"line":20,"column":4},"end":{"line":28,"column":5}},{"start":{},"end":{}}]},"1":{"loc":{"start":{"line":25,"column":10},"end":{"line":25,"column":35}},"type":"binary-expr","locations":[{"start":{"line":25,"column":10},"end":{"line":25,"column":29}},{"start":{"line":25,"column":33},"end":{"line":25,"column":35}}]}},"s":{"0":10,"1":10,"2":10,"3":1,"4":1,"5":0,"6":1,"7":1,"8":10},"f":{"0":10,"1":1},"b":{"0":[0,1],"1":[0,0]}}
,"C:\\Users\\mukes\\OneDrive\\Desktop\\penscience_ai\\backend\\src\\middlewares\\upload.middleware.ts": {"path":"C:\\Users\\mukes\\OneDrive\\Desktop\\penscience_ai\\backend\\src\\middlewares\\upload.middleware.ts","statementMap":{"0":{"start":{"line":1,"column":0},"end":{"line":1,"column":52}},"1":{"start":{"line":2,"column":0},"end":{"line":2,"column":45}},"2":{"start":{"line":4,"column":16},"end":{"line":4,"column":38}},"3":{"start":{"line":6,"column":19},"end":{"line":18,"column":1}},"4":{"start":{"line":11,"column":16},"end":{"line":11,"column":103}},"5":{"start":{"line":13,"column":2},"end":{"line":15,"column":3}},"6":{"start":{"line":14,"column":4},"end":{"line":14,"column":70}},"7":{"start":{"line":17,"column":2},"end":{"line":17,"column":17}},"8":{"start":{"line":20,"column":13},"end":{"line":26,"column":3}},"9":{"start":{"line":29,"column":30},"end":{"line":29,"column":103}},"10":{"start":{"line":29,"column":67},"end":{"line":29,"column":103}},"11":{"start":{"line":29,"column":13},"end":{"line":29,"column":30}}},"fnMap":{"0":{"name":"(anonymous_1)","decl":{"start":{"line":6,"column":19},"end":{"line":6,"column":null}},"loc":{"start":{"line":10,"column":4},"end":{"line":18,"column":1}}},"1":{"name":"(anonymous_2)","decl":{"start":{"line":29,"column":30},"end":{"line":29,"column":31}},"loc":{"start":{"line":29,"column":67},"end":{"line":29,"column":103}}}},"branchMap":{"0":{"loc":{"start":{"line":11,"column":16},"end":{"line":11,"column":103}},"type":"binary-expr","locations":[{"start":{"line":11,"column":16},"end":{"line":11,"column":51}},{"start":{"line":11,"column":55},"end":{"line":11,"column":103}}]},"1":{"loc":{"start":{"line":13,"column":2},"end":{"line":15,"column":3}},"type":"if","locations":[{"start":{"line":13,"column":2},"end":{"line":15,"column":3}},{"start":{},"end":{}}]},"2":{"loc":{"start":{"line":29,"column":50},"end":{"line":29,"column":62}},"type":"default-arg","locations":[{"start":{"line":29,"column":61},"end":{"line":29,"column":62}}]}},"s":{"0":10,"1":10,"2":10,"3":10,"4":0,"5":0,"6":0,"7":0,"8":10,"9":10,"10":10,"11":10},"f":{"0":0,"1":10},"b":{"0":[0,0],"1":[0,0],"2":[0]}}
,"C:\\Users\\mukes\\OneDrive\\Desktop\\penscience_ai\\backend\\src\\middlewares\\validate.middleware.ts": {"path":"C:\\Users\\mukes\\OneDrive\\Desktop\\penscience_ai\\backend\\src\\middlewares\\validate.middleware.ts","statementMap":{"0":{"start":{"line":9,"column":0},"end":{"line":9,"column":45}},"1":{"start":{"line":12,"column":2},"end":{"line":31,"column":3}},"2":{"start":{"line":13,"column":2},"end":{"line":31,"column":3}},"3":{"start":{"line":18,"column":4},"end":{"line":30,"column":5}},"4":{"start":{"line":19,"column":6},"end":{"line":19,"column":29}},"5":{"start":{"line":21,"column":6},"end":{"line":21,"column":13}},"6":{"start":{"line":23,"column":6},"end":{"line":29,"column":8}},"7":{"start":{"line":11,"column":13},"end":{"line":11,"column":null}}},"fnMap":{"0":{"name":"(anonymous_0)","decl":{"start":{"line":12,"column":2},"end":{"line":12,"column":3}},"loc":{"start":{"line":13,"column":2},"end":{"line":31,"column":3}}},"1":{"name":"(anonymous_1)","decl":{"start":{"line":13,"column":2},"end":{"line":13,"column":null}},"loc":{"start":{"line":17,"column":6},"end":{"line":31,"column":3}}}},"branchMap":{},"s":{"0":10,"1":10,"2":60,"3":9,"4":9,"5":8,"6":1,"7":10},"f":{"0":60,"1":9},"b":{}}
,"C:\\Users\\mukes\\OneDrive\\Desktop\\penscience_ai\\backend\\src\\routes\\auth.routes.ts": {"path":"C:\\Users\\mukes\\OneDrive\\Desktop\\penscience_ai\\backend\\src\\routes\\auth.routes.ts","statementMap":{"0":{"start":{"line":1,"column":0},"end":{"line":1,"column":33}},"1":{"start":{"line":2,"column":0},"end":{"line":2,"column":null}},"2":{"start":{"line":6,"column":0},"end":{"line":6,"column":62}},"3":{"start":{"line":7,"column":0},"end":{"line":7,"column":null}},"4":{"start":{"line":12,"column":15},"end":{"line":12,"column":23}},"5":{"start":{"line":14,"column":0},"end":{"line":14,"column":59}},"6":{"start":{"line":15,"column":0},"end":{"line":15,"column":50}},"7":{"start":{"line":17,"column":0},"end":{"line":17,"column":22}}},"fnMap":{},"branchMap":{},"s":{"0":10,"1":10,"2":10,"3":10,"4":10,"5":10,"6":10,"7":10},"f":{},"b":{}}
,"C:\\Users\\mukes\\OneDrive\\Desktop\\penscience_ai\\backend\\src\\routes\\task.routes.ts": {"path":"C:\\Users\\mukes\\OneDrive\\Desktop\\penscience_ai\\backend\\src\\routes\\task.routes.ts","statementMap":{"0":{"start":{"line":1,"column":0},"end":{"line":1,"column":33}},"1":{"start":{"line":2,"column":0},"end":{"line":2,"column":null}},"2":{"start":{"line":9,"column":0},"end":{"line":9,"column":78}},"3":{"start":{"line":10,"column":0},"end":{"line":10,"column":59}},"4":{"start":{"line":11,"column":0},"end":{"line":11,"column":59}},"5":{"start":{"line":12,"column":0},"end":{"line":12,"column":61}},"6":{"start":{"line":13,"column":0},"end":{"line":13,"column":64}},"7":{"start":{"line":14,"column":0},"end":{"line":14,"column":66}},"8":{"start":{"line":15,"column":0},"end":{"line":15,"column":94}},"9":{"start":{"line":17,"column":15},"end":{"line":17,"column":23}},"10":{"start":{"line":19,"column":0},"end":{"line":19,"column":22}},"11":{"start":{"line":21,"column":0},"end":{"line":21,"column":56}},"12":{"start":{"line":22,"column":0},"end":{"line":22,"column":61}},"13":{"start":{"line":23,"column":0},"end":{"line":23,"column":null}},"14":{"start":{"line":24,"column":0},"end":{"line":24,"column":59}},"15":{"start":{"line":25,"column":0},"end":{"line":25,"column":34}},"16":{"start":{"line":26,"column":0},"end":{"line":26,"column":87}},"17":{"start":{"line":27,"column":0},"end":{"line":27,"column":78}},"18":{"start":{"line":29,"column":0},"end":{"line":29,"column":22}}},"fnMap":{},"branchMap":{},"s":{"0":10,"1":10,"2":10,"3":10,"4":10,"5":10,"6":10,"7":10,"8":10,"9":10,"10":10,"11":10,"12":10,"13":10,"14":10,"15":10,"16":10,"17":10,"18":10},"f":{},"b":{}}
,"C:\\Users\\mukes\\OneDrive\\Desktop\\penscience_ai\\backend\\src\\routes\\user.routes.ts": {"path":"C:\\Users\\mukes\\OneDrive\\Desktop\\penscience_ai\\backend\\src\\routes\\user.routes.ts","statementMap":{"0":{"start":{"line":1,"column":0},"end":{"line":1,"column":33}},"1":{"start":{"line":2,"column":0},"end":{"line":2,"column":null}},"2":{"start":{"line":9,"column":0},"end":{"line":9,"column":59}},"3":{"start":{"line":10,"column":0},"end":{"line":10,"column":65}},"4":{"start":{"line":11,"column":0},"end":{"line":11,"column":46}},"5":{"start":{"line":12,"column":0},"end":{"line":12,"column":78}},"6":{"start":{"line":13,"column":0},"end":{"line":13,"column":59}},"7":{"start":{"line":15,"column":13},"end":{"line":15,"column":21}},"8":{"start":{"line":16,"column":0},"end":{"line":16,"column":null}},"9":{"start":{"line":18,"column":0},"end":{"line":18,"column":85}},"10":{"start":{"line":19,"column":0},"end":{"line":19,"column":55}},"11":{"start":{"line":20,"column":0},"end":{"line":20,"column":61}},"12":{"start":{"line":21,"column":0},"end":{"line":21,"column":88}},"13":{"start":{"line":22,"column":0},"end":{"line":22,"column":63}},"14":{"start":{"line":24,"column":0},"end":{"line":24,"column":22}}},"fnMap":{},"branchMap":{},"s":{"0":10,"1":10,"2":10,"3":10,"4":10,"5":10,"6":10,"7":10,"8":10,"9":10,"10":10,"11":10,"12":10,"13":10,"14":10},"f":{},"b":{}}
,"C:\\Users\\mukes\\OneDrive\\Desktop\\penscience_ai\\backend\\src\\types\\index.ts": {"path":"C:\\Users\\mukes\\OneDrive\\Desktop\\penscience_ai\\backend\\src\\types\\index.ts","statementMap":{"0":{"start":{"line":21,"column":25},"end":{"line":21,"column":85}},"1":{"start":{"line":21,"column":51},"end":{"line":21,"column":85}},"2":{"start":{"line":21,"column":13},"end":{"line":21,"column":25}}},"fnMap":{"0":{"name":"(anonymous_0)","decl":{"start":{"line":21,"column":25},"end":{"line":21,"column":26}},"loc":{"start":{"line":21,"column":51},"end":{"line":21,"column":85}}}},"branchMap":{},"s":{"0":10,"1":6,"2":10},"f":{"0":6},"b":{}}
,"C:\\Users\\mukes\\OneDrive\\Desktop\\penscience_ai\\backend\\src\\validators\\auth.validator.ts": {"path":"C:\\Users\\mukes\\OneDrive\\Desktop\\penscience_ai\\backend\\src\\validators\\auth.validator.ts","statementMap":{"0":{"start":{"line":1,"column":0},"end":{"line":1,"column":24}},"1":{"start":{"line":3,"column":13},"end":{"line":23,"column":3}},"2":{"start":{"line":25,"column":13},"end":{"line":38,"column":3}}},"fnMap":{},"branchMap":{},"s":{"0":10,"1":10,"2":10},"f":{},"b":{}}
,"C:\\Users\\mukes\\OneDrive\\Desktop\\penscience_ai\\backend\\src\\validators\\query.validator.ts": {"path":"C:\\Users\\mukes\\OneDrive\\Desktop\\penscience_ai\\backend\\src\\validators\\query.validator.ts","statementMap":{"0":{"start":{"line":1,"column":0},"end":{"line":1,"column":24}},"1":{"start":{"line":3,"column":13},"end":{"line":50,"column":3}},"2":{"start":{"line":6,"column":20},"end":{"line":6,"column":52}},"3":{"start":{"line":11,"column":20},"end":{"line":11,"column":52}},"4":{"start":{"line":16,"column":20},"end":{"line":16,"column":52}},"5":{"start":{"line":25,"column":20},"end":{"line":25,"column":52}},"6":{"start":{"line":34,"column":20},"end":{"line":34,"column":52}},"7":{"start":{"line":43,"column":20},"end":{"line":43,"column":52}}},"fnMap":{"0":{"name":"(anonymous_0)","decl":{"start":{"line":6,"column":8},"end":{"line":6,"column":9}},"loc":{"start":{"line":6,"column":20},"end":{"line":6,"column":52}}},"1":{"name":"(anonymous_1)","decl":{"start":{"line":11,"column":8},"end":{"line":11,"column":9}},"loc":{"start":{"line":11,"column":20},"end":{"line":11,"column":52}}},"2":{"name":"(anonymous_2)","decl":{"start":{"line":16,"column":8},"end":{"line":16,"column":9}},"loc":{"start":{"line":16,"column":20},"end":{"line":16,"column":52}}},"3":{"name":"(anonymous_3)","decl":{"start":{"line":25,"column":8},"end":{"line":25,"column":9}},"loc":{"start":{"line":25,"column":20},"end":{"line":25,"column":52}}},"4":{"name":"(anonymous_4)","decl":{"start":{"line":34,"column":8},"end":{"line":34,"column":9}},"loc":{"start":{"line":34,"column":20},"end":{"line":34,"column":52}}},"5":{"name":"(anonymous_5)","decl":{"start":{"line":43,"column":8},"end":{"line":43,"column":9}},"loc":{"start":{"line":43,"column":20},"end":{"line":43,"column":52}}}},"branchMap":{"0":{"loc":{"start":{"line":6,"column":20},"end":{"line":6,"column":52}},"type":"cond-expr","locations":[{"start":{"line":6,"column":35},"end":{"line":6,"column":44}},{"start":{"line":6,"column":47},"end":{"line":6,"column":52}}]},"1":{"loc":{"start":{"line":11,"column":20},"end":{"line":11,"column":52}},"type":"cond-expr","locations":[{"start":{"line":11,"column":35},"end":{"line":11,"column":44}},{"start":{"line":11,"column":47},"end":{"line":11,"column":52}}]},"2":{"loc":{"start":{"line":16,"column":20},"end":{"line":16,"column":52}},"type":"cond-expr","locations":[{"start":{"line":16,"column":35},"end":{"line":16,"column":44}},{"start":{"line":16,"column":47},"end":{"line":16,"column":52}}]},"3":{"loc":{"start":{"line":25,"column":20},"end":{"line":25,"column":52}},"type":"cond-expr","locations":[{"start":{"line":25,"column":35},"end":{"line":25,"column":44}},{"start":{"line":25,"column":47},"end":{"line":25,"column":52}}]},"4":{"loc":{"start":{"line":34,"column":20},"end":{"line":34,"column":52}},"type":"cond-expr","locations":[{"start":{"line":34,"column":35},"end":{"line":34,"column":44}},{"start":{"line":34,"column":47},"end":{"line":34,"column":52}}]},"5":{"loc":{"start":{"line":43,"column":20},"end":{"line":43,"column":52}},"type":"cond-expr","locations":[{"start":{"line":43,"column":35},"end":{"line":43,"column":44}},{"start":{"line":43,"column":47},"end":{"line":43,"column":52}}]}},"s":{"0":10,"1":10,"2":1,"3":1,"4":1,"5":1,"6":1,"7":1},"f":{"0":1,"1":1,"2":1,"3":1,"4":1,"5":1},"b":{"0":[0,1],"1":[0,1],"2":[0,1],"3":[0,1],"4":[0,1],"5":[0,1]}}
,"C:\\Users\\mukes\\OneDrive\\Desktop\\penscience_ai\\backend\\src\\validators\\task.validator.ts": {"path":"C:\\Users\\mukes\\OneDrive\\Desktop\\penscience_ai\\backend\\src\\validators\\task.validator.ts","statementMap":{"0":{"start":{"line":1,"column":0},"end":{"line":1,"column":24}},"1":{"start":{"line":3,"column":13},"end":{"line":27,"column":3}},"2":{"start":{"line":29,"column":13},"end":{"line":29,"column":59}}},"fnMap":{},"branchMap":{},"s":{"0":10,"1":10,"2":10},"f":{},"b":{}}
,"C:\\Users\\mukes\\OneDrive\\Desktop\\penscience_ai\\backend\\src\\validators\\user.validator.ts": {"path":"C:\\Users\\mukes\\OneDrive\\Desktop\\penscience_ai\\backend\\src\\validators\\user.validator.ts","statementMap":{"0":{"start":{"line":1,"column":0},"end":{"line":1,"column":21}},"1":{"start":{"line":3,"column":13},"end":{"line":12,"column":null}},"2":{"start":{"line":14,"column":13},"end":{"line":18,"column":3}}},"fnMap":{},"branchMap":{},"s":{"0":10,"1":10,"2":10},"f":{},"b":{}}
}
