TN:
SF:src\app.ts
FN:31,(anonymous_1)
FNF:1
FNH:0
FNDA:0,(anonymous_1)
DA:1,10
DA:2,10
DA:3,10
DA:4,10
DA:5,10
DA:8,10
DA:10,10
DA:11,10
DA:12,10
DA:13,10
DA:15,10
DA:16,10
DA:21,10
DA:22,10
DA:23,10
DA:24,10
DA:25,10
DA:27,10
DA:28,10
DA:29,10
DA:30,10
DA:31,10
DA:32,0
DA:35,10
LF:24
LH:23
BRF:0
BRH:0
end_of_record
TN:
SF:src\constants\roles.ts
FN:1,(anonymous_0)
FNF:1
FNH:1
FNDA:10,(anonymous_0)
DA:1,10
DA:2,10
DA:3,10
LF:3
LH:3
BRDA:1,0,0,10
BRDA:1,0,1,10
BRF:2
BRH:2
end_of_record
TN:
SF:src\controllers\auth.controller.ts
FN:7,(anonymous_1)
FN:36,(anonymous_2)
FNF:2
FNH:2
FNDA:2,(anonymous_1)
FNDA:2,(anonymous_2)
DA:1,10
DA:2,10
DA:4,10
DA:5,10
DA:7,10
DA:8,2
DA:10,2
DA:16,2
DA:17,1
DA:19,1
DA:20,1
DA:27,1
DA:36,10
DA:37,2
DA:38,2
DA:44,2
DA:45,1
DA:48,1
DA:50,1
DA:51,0
DA:54,1
DA:65,1
DA:72,1
LF:23
LH:22
BRDA:16,0,0,1
BRDA:16,0,1,1
BRDA:44,1,0,1
BRDA:44,1,1,1
BRDA:50,2,0,0
BRDA:50,2,1,1
BRF:6
BRH:5
end_of_record
TN:
SF:src\controllers\document.controller.ts
FN:8,(anonymous_0)
FN:67,(anonymous_1)
FN:82,(anonymous_2)
FN:104,(anonymous_3)
FN:104,(anonymous_4)
FN:112,(anonymous_5)
FNF:6
FNH:0
FNDA:0,(anonymous_0)
FNDA:0,(anonymous_1)
FNDA:0,(anonymous_2)
FNDA:0,(anonymous_3)
FNDA:0,(anonymous_4)
FNDA:0,(anonymous_5)
DA:2,10
DA:3,10
DA:4,10
DA:5,10
DA:7,10
DA:9,0
DA:10,0
DA:11,0
DA:13,0
DA:14,0
DA:16,0
DA:17,0
DA:20,0
DA:25,0
DA:26,0
DA:29,0
DA:30,0
DA:32,0
DA:33,0
DA:36,0
DA:37,0
DA:38,0
DA:40,0
DA:41,0
DA:42,0
DA:46,0
DA:47,0
DA:48,0
DA:50,0
DA:51,0
DA:63,0
DA:65,0
DA:66,0
DA:68,0
DA:69,0
DA:71,0
DA:81,0
DA:83,0
DA:96,0
DA:103,0
DA:104,0
DA:106,0
DA:111,10
DA:113,0
DA:118,0
DA:128,0
DA:129,0
DA:132,0
DA:133,0
DA:135,0
DA:136,0
DA:141,0
LF:52
LH:6
BRDA:10,0,0,0
BRDA:10,0,1,0
BRDA:10,1,0,0
BRDA:10,1,1,0
BRDA:16,2,0,0
BRDA:16,2,1,0
BRDA:16,3,0,0
BRDA:16,3,1,0
BRDA:25,4,0,0
BRDA:25,4,1,0
BRDA:32,5,0,0
BRDA:32,5,1,0
BRDA:32,6,0,0
BRDA:32,6,1,0
BRDA:41,7,0,0
BRDA:41,7,1,0
BRDA:47,8,0,0
BRDA:47,8,1,0
BRDA:50,9,0,0
BRDA:50,9,1,0
BRDA:128,10,0,0
BRDA:128,10,1,0
BRDA:135,11,0,0
BRDA:135,11,1,0
BRDA:135,12,0,0
BRDA:135,12,1,0
BRF:26
BRH:0
end_of_record
TN:
SF:src\controllers\task.controller.ts
FN:8,(anonymous_0)
FN:37,(anonymous_1)
FN:91,(anonymous_2)
FN:114,(anonymous_3)
FN:142,(anonymous_4)
FN:199,(anonymous_5)
FNF:6
FNH:4
FNDA:3,(anonymous_0)
FNDA:1,(anonymous_1)
FNDA:0,(anonymous_2)
FNDA:0,(anonymous_3)
FNDA:1,(anonymous_4)
FNDA:1,(anonymous_5)
DA:2,10
DA:3,10
DA:4,10
DA:5,10
DA:6,10
DA:8,10
DA:10,3
DA:21,3
DA:30,3
DA:37,10
DA:39,1
DA:41,1
DA:42,1
DA:44,1
DA:45,1
DA:46,1
DA:47,1
DA:48,1
DA:50,1
DA:51,1
DA:52,0
DA:54,1
DA:55,0
DA:57,1
DA:58,1
DA:60,1
DA:76,1
DA:77,1
DA:78,1
DA:90,10
DA:92,0
DA:93,0
DA:108,0
DA:109,0
DA:112,0
DA:114,0
DA:124,0
DA:125,0
DA:127,0
DA:128,0
DA:134,0
DA:141,10
DA:143,1
DA:144,1
DA:150,1
DA:151,0
DA:154,1
DA:155,1
DA:157,1
DA:158,0
DA:163,1
DA:179,1
DA:190,1
DA:198,10
DA:200,1
DA:201,1
DA:207,1
DA:208,0
DA:211,1
DA:212,1
DA:214,1
DA:215,0
DA:220,1
DA:226,1
DA:235,1
LF:65
LH:48
BRDA:25,0,0,3
BRDA:25,0,1,0
BRDA:39,1,0,1
BRDA:39,1,1,0
BRDA:41,2,0,1
BRDA:41,2,1,1
BRDA:42,3,0,1
BRDA:42,3,1,1
BRDA:47,4,0,1
BRDA:47,4,1,1
BRDA:48,5,0,1
BRDA:48,5,1,1
BRDA:51,6,0,0
BRDA:51,6,1,1
BRDA:54,7,0,0
BRDA:54,7,1,1
BRDA:57,8,0,1
BRDA:57,8,1,0
BRDA:108,9,0,0
BRDA:108,9,1,0
BRDA:127,10,0,0
BRDA:127,10,1,0
BRDA:127,11,0,0
BRDA:127,11,1,0
BRDA:150,12,0,0
BRDA:150,12,1,1
BRDA:157,13,0,0
BRDA:157,13,1,1
BRDA:157,14,0,1
BRDA:157,14,1,0
BRDA:172,15,0,0
BRDA:172,15,1,1
BRDA:183,16,0,1
BRDA:183,16,1,0
BRDA:207,17,0,0
BRDA:207,17,1,1
BRDA:214,18,0,0
BRDA:214,18,1,1
BRDA:214,19,0,1
BRDA:214,19,1,0
BRDA:230,20,0,1
BRDA:230,20,1,0
BRF:42
BRH:22
end_of_record
TN:
SF:src\controllers\user.controller.ts
FN:7,(anonymous_1)
FN:36,(anonymous_2)
FN:78,(anonymous_3)
FN:103,(anonymous_4)
FN:137,(anonymous_5)
FNF:5
FNH:0
FNDA:0,(anonymous_1)
FNDA:0,(anonymous_2)
FNDA:0,(anonymous_3)
FNDA:0,(anonymous_4)
FNDA:0,(anonymous_5)
DA:2,10
DA:3,10
DA:4,10
DA:5,10
DA:7,10
DA:8,0
DA:9,0
DA:11,0
DA:12,0
DA:23,0
DA:25,0
DA:36,10
DA:37,0
DA:43,0
DA:44,0
DA:47,0
DA:51,0
DA:52,0
DA:55,0
DA:57,0
DA:71,0
DA:78,10
DA:79,0
DA:81,0
DA:93,0
DA:94,0
DA:97,0
DA:103,10
DA:104,0
DA:106,0
DA:112,0
DA:113,0
DA:115,0
DA:129,0
DA:137,10
DA:138,0
DA:140,0
DA:146,0
DA:147,0
DA:149,0
DA:154,0
LF:41
LH:9
BRDA:8,0,0,0
BRDA:8,0,1,0
BRDA:9,1,0,0
BRDA:9,1,1,0
BRDA:37,2,0,0
BRDA:43,3,0,0
BRDA:43,3,1,0
BRDA:43,4,0,0
BRDA:43,4,1,0
BRDA:51,5,0,0
BRDA:51,5,1,0
BRDA:93,6,0,0
BRDA:93,6,1,0
BRDA:112,7,0,0
BRDA:112,7,1,0
BRDA:146,8,0,0
BRDA:146,8,1,0
BRF:17
BRH:0
end_of_record
TN:
SF:src\docs\openapi.ts
FNF:0
FNH:0
DA:1,10
LF:1
LH:1
BRF:0
BRH:0
end_of_record
TN:
SF:src\middlewares\auth.middleware.ts
FN:6,(anonymous_1)
FNF:1
FNH:1
FNDA:7,(anonymous_1)
DA:1,10
DA:2,10
DA:4,10
DA:6,10
DA:8,7
DA:9,7
DA:10,0
DA:12,7
DA:13,7
DA:15,7
DA:21,7
DA:22,0
DA:25,7
DA:27,7
DA:29,0
LF:15
LH:12
BRDA:8,0,0,7
BRDA:8,0,1,7
BRDA:9,1,0,0
BRDA:9,1,1,7
BRDA:21,2,0,0
BRDA:21,2,1,7
BRF:6
BRH:4
end_of_record
TN:
SF:src\middlewares\authorize.middleware.ts
FN:5,(anonymous_0)
FN:7,(anonymous_1)
FNF:2
FNH:1
FNDA:50,(anonymous_0)
FNDA:0,(anonymous_1)
DA:2,10
DA:5,10
DA:7,50
DA:9,0
DA:10,0
DA:13,0
DA:15,0
DA:16,0
DA:19,0
LF:9
LH:3
BRDA:9,0,0,0
BRDA:9,0,1,0
BRDA:15,1,0,0
BRDA:15,1,1,0
BRF:4
BRH:0
end_of_record
TN:
SF:src\middlewares\query.middleware.ts
FN:12,(anonymous_0)
FN:13,(anonymous_1)
FNF:2
FNH:2
FNDA:10,(anonymous_0)
FNDA:1,(anonymous_1)
DA:9,10
DA:11,10
DA:12,10
DA:13,10
DA:18,1
DA:20,1
DA:21,0
DA:30,1
DA:32,1
LF:9
LH:8
BRDA:20,0,0,0
BRDA:20,0,1,1
BRDA:25,1,0,0
BRDA:25,1,1,0
BRF:4
BRH:1
end_of_record
TN:
SF:src\middlewares\upload.middleware.ts
FN:6,(anonymous_1)
FN:29,(anonymous_2)
FNF:2
FNH:1
FNDA:0,(anonymous_1)
FNDA:10,(anonymous_2)
DA:1,10
DA:2,10
DA:4,10
DA:6,10
DA:11,0
DA:13,0
DA:14,0
DA:17,0
DA:20,10
DA:29,10
LF:10
LH:6
BRDA:11,0,0,0
BRDA:11,0,1,0
BRDA:13,1,0,0
BRDA:13,1,1,0
BRDA:29,2,0,0
BRF:5
BRH:0
end_of_record
TN:
SF:src\middlewares\validate.middleware.ts
FN:12,(anonymous_0)
FN:13,(anonymous_1)
FNF:2
FNH:2
FNDA:60,(anonymous_0)
FNDA:9,(anonymous_1)
DA:9,10
DA:11,10
DA:12,10
DA:13,60
DA:18,9
DA:19,9
DA:21,8
DA:23,1
LF:8
LH:8
BRF:0
BRH:0
end_of_record
TN:
SF:src\routes\auth.routes.ts
FNF:0
FNH:0
DA:1,10
DA:2,10
DA:6,10
DA:7,10
DA:12,10
DA:14,10
DA:15,10
DA:17,10
LF:8
LH:8
BRF:0
BRH:0
end_of_record
TN:
SF:src\routes\task.routes.ts
FNF:0
FNH:0
DA:1,10
DA:2,10
DA:9,10
DA:10,10
DA:11,10
DA:12,10
DA:13,10
DA:14,10
DA:15,10
DA:17,10
DA:19,10
DA:21,10
DA:22,10
DA:23,10
DA:24,10
DA:25,10
DA:26,10
DA:27,10
DA:29,10
LF:19
LH:19
BRF:0
BRH:0
end_of_record
TN:
SF:src\routes\user.routes.ts
FNF:0
FNH:0
DA:1,10
DA:2,10
DA:9,10
DA:10,10
DA:11,10
DA:12,10
DA:13,10
DA:15,10
DA:16,10
DA:18,10
DA:19,10
DA:20,10
DA:21,10
DA:22,10
DA:24,10
LF:15
LH:15
BRF:0
BRH:0
end_of_record
TN:
SF:src\types\index.ts
FN:21,(anonymous_0)
FNF:1
FNH:1
FNDA:6,(anonymous_0)
DA:21,10
LF:1
LH:1
BRF:0
BRH:0
end_of_record
TN:
SF:src\validators\auth.validator.ts
FNF:0
FNH:0
DA:1,10
DA:3,10
DA:25,10
LF:3
LH:3
BRF:0
BRH:0
end_of_record
TN:
SF:src\validators\query.validator.ts
FN:6,(anonymous_0)
FN:11,(anonymous_1)
FN:16,(anonymous_2)
FN:25,(anonymous_3)
FN:34,(anonymous_4)
FN:43,(anonymous_5)
FNF:6
FNH:6
FNDA:1,(anonymous_0)
FNDA:1,(anonymous_1)
FNDA:1,(anonymous_2)
FNDA:1,(anonymous_3)
FNDA:1,(anonymous_4)
FNDA:1,(anonymous_5)
DA:1,10
DA:3,10
DA:6,1
DA:11,1
DA:16,1
DA:25,1
DA:34,1
DA:43,1
LF:8
LH:8
BRDA:6,0,0,0
BRDA:6,0,1,1
BRDA:11,1,0,0
BRDA:11,1,1,1
BRDA:16,2,0,0
BRDA:16,2,1,1
BRDA:25,3,0,0
BRDA:25,3,1,1
BRDA:34,4,0,0
BRDA:34,4,1,1
BRDA:43,5,0,0
BRDA:43,5,1,1
BRF:12
BRH:6
end_of_record
TN:
SF:src\validators\task.validator.ts
FNF:0
FNH:0
DA:1,10
DA:3,10
DA:29,10
LF:3
LH:3
BRF:0
BRH:0
end_of_record
TN:
SF:src\validators\user.validator.ts
FNF:0
FNH:0
DA:1,10
DA:3,10
DA:14,10
LF:3
LH:3
BRF:0
BRH:0
end_of_record
